<?xml version="1.0" encoding="UTF-8"?>
<!-- Generated by org.testng.reporters.JUnitReportReporter -->
<testsuite hostname="Jamalpc" failures="0" tests="1" name="pack1.AggregateAndPrintTaskName" time="0.988" errors="0" timestamp="15 Feb 2019 18:35:40 GMT" skipped="0">
  <testcase classname="pack1.AggregateAndPrintTaskName" name="GetRequestTest" time="0.988"/>
</testsuite> <!-- pack1.AggregateAndPrintTaskName -->
