<?xml version="1.0" encoding="UTF-8"?>
<!-- Generated by org.testng.reporters.JUnitReportReporter -->
<testsuite hostname="Jamalpc" failures="0" tests="1" name="pack1.GetMethod" time="1.135" errors="0" timestamp="14 Feb 2019 19:43:54 GMT" skipped="0">
  <testcase classname="pack1.GetMethod" name="GetRequestTest" time="1.135"/>
</testsuite> <!-- pack1.GetMethod -->
