<?xml version="1.0" encoding="UTF-8"?>
<!-- Generated by org.testng.reporters.JUnitReportReporter -->
<testsuite hostname="Jamalpc" failures="0" tests="1" name="pack1.GetStatus" time="0.971" errors="0" timestamp="14 Feb 2019 20:03:06 GMT" skipped="0">
  <testcase classname="pack1.GetStatus" name="GetRequestTest" time="0.971"/>
</testsuite> <!-- pack1.GetStatus -->
