<?xml version="1.0" encoding="UTF-8"?>
<!-- Generated by org.testng.reporters.JUnitReportReporter -->
<testsuite hostname="Jamalpc" failures="0" tests="1" name="pack1.CountandValidateTheNumberofTasks" time="1.093" errors="0" timestamp="15 Feb 2019 18:31:28 GMT" skipped="0">
  <testcase classname="pack1.CountandValidateTheNumberofTasks" name="GetRequestTest" time="1.093"/>
</testsuite> <!-- pack1.CountandValidateTheNumberofTasks -->
